
(process:39416): dconf-WARNING **: 00:00:05.024: failed to commit changes to dconf: Cannot autolaunch D-Bus without X11 $DISPLAY
Folder size (52.66 MB) is within the limit of 100 MB.
call api using options {'orientation': 'landscape', 'size': 'large', 'per_page': '1', 'query': 'Yoga and Meditation'}
API response: {'page': 1, 'per_page': 1, 'photos': [{'id': 6787202, 'width': 6720, 'height': 4480, 'url': 'https://www.pexels.com/photo/healthy-woman-relaxation-garden-6787202/', 'photographer': 'Marcus Aurelius', 'photographer_url': 'https://www.pexels.com/@marcus-aurelius', 'photographer_id': 2416479, 'avg_color': '#656760', 'src': {'original': 'https://images.pexels.com/photos/6787202/pexels-photo-6787202.jpeg', 'large2x': 'https://images.pexels.com/photos/6787202/pexels-photo-6787202.jpeg?auto=compress&cs=tinysrgb&dpr=2&h=650&w=940', 'large': 'https://images.pexels.com/photos/6787202/pexels-photo-6787202.jpeg?auto=compress&cs=tinysrgb&h=650&w=940', 'medium': 'https://images.pexels.com/photos/6787202/pexels-photo-6787202.jpeg?auto=compress&cs=tinysrgb&h=350', 'small': 'https://images.pexels.com/photos/6787202/pexels-photo-6787202.jpeg?auto=compress&cs=tinysrgb&h=130', 'portrait': 'https://images.pexels.com/photos/6787202/pexels-photo-6787202.jpeg?auto=compress&cs=tinysrgb&fit=crop&h=1200&w=800', 'landscape': 'https://images.pexels.com/photos/6787202/pexels-photo-6787202.jpeg?auto=compress&cs=tinysrgb&fit=crop&h=627&w=1200', 'tiny': 'https://images.pexels.com/photos/6787202/pexels-photo-6787202.jpeg?auto=compress&cs=tinysrgb&dpr=1&fit=crop&h=200&w=280'}, 'liked': False, 'alt': 'Free stock photo of active, activity, adult'}], 'total_results': 2767, 'next_page': 'https://api.pexels.com/v1/search/?orientation=landscape&page=2&per_page=1&query=Yoga+and+Meditation&size=large'}
Image downloaded successfully and saved as 'Free_stock_photo_of_active,_activity,_adult'.
image path :/home/rohit/Documents/auto_wallpaper/downloaded_images/Free_stock_photo_of_active,_activity,_adult.jpg
Wallpaper set successfully.

(process:52739): dconf-WARNING **: 14:00:07.382: failed to commit changes to dconf: Cannot autolaunch D-Bus without X11 $DISPLAY
Folder size (104.78 MB) exceeds the limit of 100 MB.
Files cleared successfully.
call api using options {'orientation': 'landscape', 'size': 'large', 'per_page': '1', 'query': 'Fantasy Landscapes'}
API response: {'page': 1, 'per_page': 1, 'photos': [{'id': 388623, 'width': 6000, 'height': 4000, 'url': 'https://www.pexels.com/photo/body-of-water-during-golden-hour-388623/', 'photographer': 'Mantas Hesthaven', 'photographer_url': 'https://www.pexels.com/@mantas-hesthaven-46458', 'photographer_id': 46458, 'avg_color': '#9C9FA3', 'src': {'original': 'https://images.pexels.com/photos/388623/pexels-photo-388623.jpeg', 'large2x': 'https://images.pexels.com/photos/388623/pexels-photo-388623.jpeg?auto=compress&cs=tinysrgb&dpr=2&h=650&w=940', 'large': 'https://images.pexels.com/photos/388623/pexels-photo-388623.jpeg?auto=compress&cs=tinysrgb&h=650&w=940', 'medium': 'https://images.pexels.com/photos/388623/pexels-photo-388623.jpeg?auto=compress&cs=tinysrgb&h=350', 'small': 'https://images.pexels.com/photos/388623/pexels-photo-388623.jpeg?auto=compress&cs=tinysrgb&h=130', 'portrait': 'https://images.pexels.com/photos/388623/pexels-photo-388623.jpeg?auto=compress&cs=tinysrgb&fit=crop&h=1200&w=800', 'landscape': 'https://images.pexels.com/photos/388623/pexels-photo-388623.jpeg?auto=compress&cs=tinysrgb&fit=crop&h=627&w=1200', 'tiny': 'https://images.pexels.com/photos/388623/pexels-photo-388623.jpeg?auto=compress&cs=tinysrgb&dpr=1&fit=crop&h=200&w=280'}, 'liked': False, 'alt': 'Body of Water during Golden Hour'}], 'total_results': 8000, 'next_page': 'https://api.pexels.com/v1/search/?orientation=landscape&page=2&per_page=1&query=Fantasy+Landscapes&size=large'}
Image downloaded successfully and saved as '388623'.
image path :/home/rohit/Documents/auto_wallpaper/downloaded_images/388623.jpg
Wallpaper set successfully.
Folder size (17.49 MB) is within the limit of 100 MB.
call api using options {'orientation': 'landscape', 'size': 'large', 'per_page': '1', 'query': 'Pixel Art'}
API response: {'page': 1, 'per_page': 1, 'photos': [{'id': 16680224, 'width': 6240, 'height': 4160, 'url': 'https://www.pexels.com/photo/arches-in-sheikh-zayed-grand-mosque-16680224/', 'photographer': 'Eyup  Sayar', 'photographer_url': 'https://www.pexels.com/@eyup-sayar-290427017', 'photographer_id': 290427017, 'avg_color': '#ABABAB', 'src': {'original': 'https://images.pexels.com/photos/16680224/pexels-photo-16680224.jpeg', 'large2x': 'https://images.pexels.com/photos/16680224/pexels-photo-16680224.jpeg?auto=compress&cs=tinysrgb&dpr=2&h=650&w=940', 'large': 'https://images.pexels.com/photos/16680224/pexels-photo-16680224.jpeg?auto=compress&cs=tinysrgb&h=650&w=940', 'medium': 'https://images.pexels.com/photos/16680224/pexels-photo-16680224.jpeg?auto=compress&cs=tinysrgb&h=350', 'small': 'https://images.pexels.com/photos/16680224/pexels-photo-16680224.jpeg?auto=compress&cs=tinysrgb&h=130', 'portrait': 'https://images.pexels.com/photos/16680224/pexels-photo-16680224.jpeg?auto=compress&cs=tinysrgb&fit=crop&h=1200&w=800', 'landscape': 'https://images.pexels.com/photos/16680224/pexels-photo-16680224.jpeg?auto=compress&cs=tinysrgb&fit=crop&h=627&w=1200', 'tiny': 'https://images.pexels.com/photos/16680224/pexels-photo-16680224.jpeg?auto=compress&cs=tinysrgb&dpr=1&fit=crop&h=200&w=280'}, 'liked': False, 'alt': 'Arches in Sheikh Zayed Grand Mosque'}], 'total_results': 8000, 'next_page': 'https://api.pexels.com/v1/search/?orientation=landscape&page=2&per_page=1&query=Pixel+Art&size=large'}
Image downloaded successfully and saved as '16680224'.
image path :/home/rohit/Documents/auto_wallpaper/downloaded_images/16680224.jpg
Wallpaper set successfully.

(process:65511): dconf-WARNING **: 10:00:07.535: failed to commit changes to dconf: Cannot autolaunch D-Bus without X11 $DISPLAY
Folder size (28.20 MB) is within the limit of 100 MB.
call api using options {'orientation': 'landscape', 'size': 'large', 'per_page': '1', 'query': 'Minimalist Landscapes'}
API response: {'page': 1, 'per_page': 1, 'photos': [{'id': 136097, 'width': 6000, 'height': 4000, 'url': 'https://www.pexels.com/photo/white-wooden-wall-136097/', 'photographer': 'Scott Webb', 'photographer_url': 'https://www.pexels.com/@scottwebb', 'photographer_id': 39047, 'avg_color': '#788A6A', 'src': {'original': 'https://images.pexels.com/photos/136097/pexels-photo-136097.jpeg', 'large2x': 'https://images.pexels.com/photos/136097/pexels-photo-136097.jpeg?auto=compress&cs=tinysrgb&dpr=2&h=650&w=940', 'large': 'https://images.pexels.com/photos/136097/pexels-photo-136097.jpeg?auto=compress&cs=tinysrgb&h=650&w=940', 'medium': 'https://images.pexels.com/photos/136097/pexels-photo-136097.jpeg?auto=compress&cs=tinysrgb&h=350', 'small': 'https://images.pexels.com/photos/136097/pexels-photo-136097.jpeg?auto=compress&cs=tinysrgb&h=130', 'portrait': 'https://images.pexels.com/photos/136097/pexels-photo-136097.jpeg?auto=compress&cs=tinysrgb&fit=crop&h=1200&w=800', 'landscape': 'https://images.pexels.com/photos/136097/pexels-photo-136097.jpeg?auto=compress&cs=tinysrgb&fit=crop&h=627&w=1200', 'tiny': 'https://images.pexels.com/photos/136097/pexels-photo-136097.jpeg?auto=compress&cs=tinysrgb&dpr=1&fit=crop&h=200&w=280'}, 'liked': False, 'alt': 'White Wooden Wall'}], 'total_results': 8000, 'next_page': 'https://api.pexels.com/v1/search/?orientation=landscape&page=2&per_page=1&query=Minimalist+Landscapes&size=large'}
Image downloaded successfully and saved as '136097'.
image path :/home/rohit/Documents/auto_wallpaper/downloaded_images/136097.jpg
Wallpaper set successfully.

(process:72553): dconf-WARNING **: 12:00:03.769: failed to commit changes to dconf: Cannot autolaunch D-Bus without X11 $DISPLAY
Folder size (52.86 MB) is within the limit of 100 MB.
call api using options {'orientation': 'landscape', 'size': 'large', 'per_page': '1', 'query': 'Tropical Flowers'}
API response: {'page': 1, 'per_page': 1, 'photos': [{'id': 965982, 'width': 6000, 'height': 4000, 'url': 'https://www.pexels.com/photo/closeup-photo-of-white-petaled-flowers-965982/', 'photographer': 'Valeria Boltneva', 'photographer_url': 'https://www.pexels.com/@valeriya', 'photographer_id': 665, 'avg_color': '#7F9481', 'src': {'original': 'https://images.pexels.com/photos/965982/pexels-photo-965982.jpeg', 'large2x': 'https://images.pexels.com/photos/965982/pexels-photo-965982.jpeg?auto=compress&cs=tinysrgb&dpr=2&h=650&w=940', 'large': 'https://images.pexels.com/photos/965982/pexels-photo-965982.jpeg?auto=compress&cs=tinysrgb&h=650&w=940', 'medium': 'https://images.pexels.com/photos/965982/pexels-photo-965982.jpeg?auto=compress&cs=tinysrgb&h=350', 'small': 'https://images.pexels.com/photos/965982/pexels-photo-965982.jpeg?auto=compress&cs=tinysrgb&h=130', 'portrait': 'https://images.pexels.com/photos/965982/pexels-photo-965982.jpeg?auto=compress&cs=tinysrgb&fit=crop&h=1200&w=800', 'landscape': 'https://images.pexels.com/photos/965982/pexels-photo-965982.jpeg?auto=compress&cs=tinysrgb&fit=crop&h=627&w=1200', 'tiny': 'https://images.pexels.com/photos/965982/pexels-photo-965982.jpeg?auto=compress&cs=tinysrgb&dpr=1&fit=crop&h=200&w=280'}, 'liked': False, 'alt': 'Closeup Photo of White Petaled Flowers'}], 'total_results': 8000, 'next_page': 'https://api.pexels.com/v1/search/?orientation=landscape&page=2&per_page=1&query=Tropical+Flowers&size=large'}
Image downloaded successfully and saved as '965982'.
image path :/home/rohit/Documents/auto_wallpaper/downloaded_images/965982.jpg
Wallpaper set successfully.

(process:76606): dconf-WARNING **: 14:00:06.136: failed to commit changes to dconf: Cannot autolaunch D-Bus without X11 $DISPLAY
Folder size (53.58 MB) is within the limit of 100 MB.
call api using options {'orientation': 'landscape', 'size': 'large', 'per_page': '1', 'query': 'Colorful Glitch Art'}
API response: {'page': 1, 'per_page': 1, 'photos': [{'id': 16607927, 'width': 6960, 'height': 4640, 'url': 'https://www.pexels.com/photo/close-up-of-colorful-mosaic-16607927/', 'photographer': 'David Brown', 'photographer_url': 'https://www.pexels.com/@ninobur', 'photographer_id': 247214263, 'avg_color': '#544741', 'src': {'original': 'https://images.pexels.com/photos/16607927/pexels-photo-16607927.jpeg', 'large2x': 'https://images.pexels.com/photos/16607927/pexels-photo-16607927.jpeg?auto=compress&cs=tinysrgb&dpr=2&h=650&w=940', 'large': 'https://images.pexels.com/photos/16607927/pexels-photo-16607927.jpeg?auto=compress&cs=tinysrgb&h=650&w=940', 'medium': 'https://images.pexels.com/photos/16607927/pexels-photo-16607927.jpeg?auto=compress&cs=tinysrgb&h=350', 'small': 'https://images.pexels.com/photos/16607927/pexels-photo-16607927.jpeg?auto=compress&cs=tinysrgb&h=130', 'portrait': 'https://images.pexels.com/photos/16607927/pexels-photo-16607927.jpeg?auto=compress&cs=tinysrgb&fit=crop&h=1200&w=800', 'landscape': 'https://images.pexels.com/photos/16607927/pexels-photo-16607927.jpeg?auto=compress&cs=tinysrgb&fit=crop&h=627&w=1200', 'tiny': 'https://images.pexels.com/photos/16607927/pexels-photo-16607927.jpeg?auto=compress&cs=tinysrgb&dpr=1&fit=crop&h=200&w=280'}, 'liked': False, 'alt': 'Free stock photo of art, artistic, arts and crafts'}], 'total_results': 8000, 'next_page': 'https://api.pexels.com/v1/search/?orientation=landscape&page=2&per_page=1&query=Colorful+Glitch+Art&size=large'}
Image downloaded successfully and saved as '16607927'.
image path :/home/rohit/Documents/auto_wallpaper/downloaded_images/16607927.jpg
Wallpaper set successfully.
Folder size (69.28 MB) is within the limit of 100 MB.
call api using options {'orientation': 'landscape', 'size': 'large', 'per_page': '1', 'query': 'Winter Scenery'}
API response: {'page': 1, 'per_page': 1, 'photos': [{'id': 16676021, 'width': 7880, 'height': 4992, 'url': 'https://www.pexels.com/photo/snow-in-mountains-16676021/', 'photographer': 'John De Leon', 'photographer_url': 'https://www.pexels.com/@john-de-leon-142955220', 'photographer_id': 142955220, 'avg_color': '#8BA0B5', 'src': {'original': 'https://images.pexels.com/photos/16676021/pexels-photo-16676021.jpeg', 'large2x': 'https://images.pexels.com/photos/16676021/pexels-photo-16676021.jpeg?auto=compress&cs=tinysrgb&dpr=2&h=650&w=940', 'large': 'https://images.pexels.com/photos/16676021/pexels-photo-16676021.jpeg?auto=compress&cs=tinysrgb&h=650&w=940', 'medium': 'https://images.pexels.com/photos/16676021/pexels-photo-16676021.jpeg?auto=compress&cs=tinysrgb&h=350', 'small': 'https://images.pexels.com/photos/16676021/pexels-photo-16676021.jpeg?auto=compress&cs=tinysrgb&h=130', 'portrait': 'https://images.pexels.com/photos/16676021/pexels-photo-16676021.jpeg?auto=compress&cs=tinysrgb&fit=crop&h=1200&w=800', 'landscape': 'https://images.pexels.com/photos/16676021/pexels-photo-16676021.jpeg?auto=compress&cs=tinysrgb&fit=crop&h=627&w=1200', 'tiny': 'https://images.pexels.com/photos/16676021/pexels-photo-16676021.jpeg?auto=compress&cs=tinysrgb&dpr=1&fit=crop&h=200&w=280'}, 'liked': False, 'alt': 'Free stock photo of adventure, climb, cold'}], 'total_results': 8000, 'next_page': 'https://api.pexels.com/v1/search/?orientation=landscape&page=2&per_page=1&query=Winter+Scenery&size=large'}
Image downloaded successfully and saved as '16676021'.
image path :/home/rohit/Documents/auto_wallpaper/downloaded_images/16676021.jpg
Wallpaper set successfully.

(process:84517): dconf-WARNING **: 18:00:04.115: failed to commit changes to dconf: Cannot autolaunch D-Bus without X11 $DISPLAY
Folder size (91.75 MB) is within the limit of 100 MB.
call api using options {'orientation': 'landscape', 'size': 'large', 'per_page': '1', 'query': 'Cherry Blossoms'}
API response: {'page': 1, 'per_page': 1, 'photos': [{'id': 1440476, 'width': 6000, 'height': 4000, 'url': 'https://www.pexels.com/photo/close-up-photography-of-cherry-blossom-tree-1440476/', 'photographer': 'Bagus Pangestu', 'photographer_url': 'https://www.pexels.com/@bagus41', 'photographer_id': 629407, 'avg_color': '#A9AEAC', 'src': {'original': 'https://images.pexels.com/photos/1440476/pexels-photo-1440476.jpeg', 'large2x': 'https://images.pexels.com/photos/1440476/pexels-photo-1440476.jpeg?auto=compress&cs=tinysrgb&dpr=2&h=650&w=940', 'large': 'https://images.pexels.com/photos/1440476/pexels-photo-1440476.jpeg?auto=compress&cs=tinysrgb&h=650&w=940', 'medium': 'https://images.pexels.com/photos/1440476/pexels-photo-1440476.jpeg?auto=compress&cs=tinysrgb&h=350', 'small': 'https://images.pexels.com/photos/1440476/pexels-photo-1440476.jpeg?auto=compress&cs=tinysrgb&h=130', 'portrait': 'https://images.pexels.com/photos/1440476/pexels-photo-1440476.jpeg?auto=compress&cs=tinysrgb&fit=crop&h=1200&w=800', 'landscape': 'https://images.pexels.com/photos/1440476/pexels-photo-1440476.jpeg?auto=compress&cs=tinysrgb&fit=crop&h=627&w=1200', 'tiny': 'https://images.pexels.com/photos/1440476/pexels-photo-1440476.jpeg?auto=compress&cs=tinysrgb&dpr=1&fit=crop&h=200&w=280'}, 'liked': False, 'alt': 'Close Up Photography of Cherry Blossom Tree'}], 'total_results': 5787, 'next_page': 'https://api.pexels.com/v1/search/?orientation=landscape&page=2&per_page=1&query=Cherry+Blossoms&size=large'}
Image downloaded successfully and saved as '1440476'.
image path :/home/rohit/Documents/auto_wallpaper/downloaded_images/1440476.jpg
Wallpaper set successfully.
Folder size (20.35 MB) is within the limit of 100 MB.
call api using options {'orientation': 'landscape', 'size': 'large', 'per_page': '1', 'query': 'Rainy Days'}
API response: {'page': 1, 'per_page': 1, 'photos': [{'id': 2352001, 'width': 6016, 'height': 4016, 'url': 'https://www.pexels.com/photo/musical-band-performing-on-street-2352001/', 'photographer': 'Vlad Vasnetsov', 'photographer_url': 'https://www.pexels.com/@vladvictoria', 'photographer_id': 465925, 'avg_color': '#816161', 'src': {'original': 'https://images.pexels.com/photos/2352001/pexels-photo-2352001.jpeg', 'large2x': 'https://images.pexels.com/photos/2352001/pexels-photo-2352001.jpeg?auto=compress&cs=tinysrgb&dpr=2&h=650&w=940', 'large': 'https://images.pexels.com/photos/2352001/pexels-photo-2352001.jpeg?auto=compress&cs=tinysrgb&h=650&w=940', 'medium': 'https://images.pexels.com/photos/2352001/pexels-photo-2352001.jpeg?auto=compress&cs=tinysrgb&h=350', 'small': 'https://images.pexels.com/photos/2352001/pexels-photo-2352001.jpeg?auto=compress&cs=tinysrgb&h=130', 'portrait': 'https://images.pexels.com/photos/2352001/pexels-photo-2352001.jpeg?auto=compress&cs=tinysrgb&fit=crop&h=1200&w=800', 'landscape': 'https://images.pexels.com/photos/2352001/pexels-photo-2352001.jpeg?auto=compress&cs=tinysrgb&fit=crop&h=627&w=1200', 'tiny': 'https://images.pexels.com/photos/2352001/pexels-photo-2352001.jpeg?auto=compress&cs=tinysrgb&dpr=1&fit=crop&h=200&w=280'}, 'liked': False, 'alt': 'Musical Band Performing on Street'}], 'total_results': 3661, 'next_page': 'https://api.pexels.com/v1/search/?orientation=landscape&page=2&per_page=1&query=Rainy+Days&size=large'}
Image downloaded successfully and saved as '2352001'.
image path :/home/rohit/Documents/auto_wallpaper/downloaded_images/2352001.jpg
Wallpaper set successfully.

(process:96564): dconf-WARNING **: 22:00:05.563: failed to commit changes to dconf: Cannot autolaunch D-Bus without X11 $DISPLAY
Folder size (21.46 MB) is within the limit of 100 MB.
call api using options {'orientation': 'landscape', 'size': 'large', 'per_page': '1', 'query': 'Minimalist Landscapes'}
API response: {'page': 1, 'per_page': 1, 'photos': [{'id': 136097, 'width': 6000, 'height': 4000, 'url': 'https://www.pexels.com/photo/white-wooden-wall-136097/', 'photographer': 'Scott Webb', 'photographer_url': 'https://www.pexels.com/@scottwebb', 'photographer_id': 39047, 'avg_color': '#788A6A', 'src': {'original': 'https://images.pexels.com/photos/136097/pexels-photo-136097.jpeg', 'large2x': 'https://images.pexels.com/photos/136097/pexels-photo-136097.jpeg?auto=compress&cs=tinysrgb&dpr=2&h=650&w=940', 'large': 'https://images.pexels.com/photos/136097/pexels-photo-136097.jpeg?auto=compress&cs=tinysrgb&h=650&w=940', 'medium': 'https://images.pexels.com/photos/136097/pexels-photo-136097.jpeg?auto=compress&cs=tinysrgb&h=350', 'small': 'https://images.pexels.com/photos/136097/pexels-photo-136097.jpeg?auto=compress&cs=tinysrgb&h=130', 'portrait': 'https://images.pexels.com/photos/136097/pexels-photo-136097.jpeg?auto=compress&cs=tinysrgb&fit=crop&h=1200&w=800', 'landscape': 'https://images.pexels.com/photos/136097/pexels-photo-136097.jpeg?auto=compress&cs=tinysrgb&fit=crop&h=627&w=1200', 'tiny': 'https://images.pexels.com/photos/136097/pexels-photo-136097.jpeg?auto=compress&cs=tinysrgb&dpr=1&fit=crop&h=200&w=280'}, 'liked': False, 'alt': 'White Wooden Wall'}], 'total_results': 8000, 'next_page': 'https://api.pexels.com/v1/search/?orientation=landscape&page=2&per_page=1&query=Minimalist+Landscapes&size=large'}
Image downloaded successfully and saved as '136097'.
image path :/home/rohit/Documents/auto_wallpaper/downloaded_images/136097.jpg
Wallpaper set successfully.

(process:26943): dconf-WARNING **: 12:00:04.513: failed to commit changes to dconf: Cannot autolaunch D-Bus without X11 $DISPLAY
Folder size (74.49 MB) is within the limit of 100 MB.
call api using options {'orientation': 'landscape', 'size': 'large', 'per_page': '1', 'query': 'Glowing Neon'}
API response: {'page': 1, 'per_page': 1, 'photos': [{'id': 3566120, 'width': 6000, 'height': 4000, 'url': 'https://www.pexels.com/photo/cocktails-neon-signage-3566120/', 'photographer': 'Luciann Photography', 'photographer_url': 'https://www.pexels.com/@lucianphotography', 'photographer_id': 118784, 'avg_color': '#3A1014', 'src': {'original': 'https://images.pexels.com/photos/3566120/pexels-photo-3566120.jpeg', 'large2x': 'https://images.pexels.com/photos/3566120/pexels-photo-3566120.jpeg?auto=compress&cs=tinysrgb&dpr=2&h=650&w=940', 'large': 'https://images.pexels.com/photos/3566120/pexels-photo-3566120.jpeg?auto=compress&cs=tinysrgb&h=650&w=940', 'medium': 'https://images.pexels.com/photos/3566120/pexels-photo-3566120.jpeg?auto=compress&cs=tinysrgb&h=350', 'small': 'https://images.pexels.com/photos/3566120/pexels-photo-3566120.jpeg?auto=compress&cs=tinysrgb&h=130', 'portrait': 'https://images.pexels.com/photos/3566120/pexels-photo-3566120.jpeg?auto=compress&cs=tinysrgb&fit=crop&h=1200&w=800', 'landscape': 'https://images.pexels.com/photos/3566120/pexels-photo-3566120.jpeg?auto=compress&cs=tinysrgb&fit=crop&h=627&w=1200', 'tiny': 'https://images.pexels.com/photos/3566120/pexels-photo-3566120.jpeg?auto=compress&cs=tinysrgb&dpr=1&fit=crop&h=200&w=280'}, 'liked': False, 'alt': 'Cocktails Neon Signage'}], 'total_results': 2442, 'next_page': 'https://api.pexels.com/v1/search/?orientation=landscape&page=2&per_page=1&query=Glowing+Neon&size=large'}
Image downloaded successfully and saved as '3566120'.
image path :/home/rohit/Documents/auto_wallpaper/downloaded_images/3566120.jpg
Wallpaper set successfully.

(process:31585): dconf-WARNING **: 14:00:04.598: failed to commit changes to dconf: Cannot autolaunch D-Bus without X11 $DISPLAY
Folder size (80.03 MB) is within the limit of 100 MB.
call api using options {'orientation': 'landscape', 'size': 'large', 'per_page': '1', 'query': 'Yoga and Meditation'}
API response: {'page': 1, 'per_page': 1, 'photos': [{'id': 6787202, 'width': 6720, 'height': 4480, 'url': 'https://www.pexels.com/photo/healthy-woman-relaxation-garden-6787202/', 'photographer': 'Marcus Aurelius', 'photographer_url': 'https://www.pexels.com/@marcus-aurelius', 'photographer_id': 2416479, 'avg_color': '#656760', 'src': {'original': 'https://images.pexels.com/photos/6787202/pexels-photo-6787202.jpeg', 'large2x': 'https://images.pexels.com/photos/6787202/pexels-photo-6787202.jpeg?auto=compress&cs=tinysrgb&dpr=2&h=650&w=940', 'large': 'https://images.pexels.com/photos/6787202/pexels-photo-6787202.jpeg?auto=compress&cs=tinysrgb&h=650&w=940', 'medium': 'https://images.pexels.com/photos/6787202/pexels-photo-6787202.jpeg?auto=compress&cs=tinysrgb&h=350', 'small': 'https://images.pexels.com/photos/6787202/pexels-photo-6787202.jpeg?auto=compress&cs=tinysrgb&h=130', 'portrait': 'https://images.pexels.com/photos/6787202/pexels-photo-6787202.jpeg?auto=compress&cs=tinysrgb&fit=crop&h=1200&w=800', 'landscape': 'https://images.pexels.com/photos/6787202/pexels-photo-6787202.jpeg?auto=compress&cs=tinysrgb&fit=crop&h=627&w=1200', 'tiny': 'https://images.pexels.com/photos/6787202/pexels-photo-6787202.jpeg?auto=compress&cs=tinysrgb&dpr=1&fit=crop&h=200&w=280'}, 'liked': False, 'alt': 'Free stock photo of active, activity, adult'}], 'total_results': 2767, 'next_page': 'https://api.pexels.com/v1/search/?orientation=landscape&page=2&per_page=1&query=Yoga+and+Meditation&size=large'}
Image downloaded successfully and saved as '6787202'.
image path :/home/rohit/Documents/auto_wallpaper/downloaded_images/6787202.jpg
Wallpaper set successfully.
Folder size (100.95 MB) exceeds the limit of 100 MB.
Files cleared successfully.
call api using options {'orientation': 'landscape', 'size': 'large', 'per_page': '1', 'query': 'Dragons'}
API response: {'page': 1, 'per_page': 1, 'photos': [{'id': 8285079, 'width': 7952, 'height': 5304, 'url': 'https://www.pexels.com/photo/a-stone-structure-with-sign-in-front-of-a-building-entrance-8285079/', 'photographer': 'Anton Cherednichenko', 'photographer_url': 'https://www.pexels.com/@anton-cherednichenko-67500834', 'photographer_id': 67500834, 'avg_color': '#4C5252', 'src': {'original': 'https://images.pexels.com/photos/8285079/pexels-photo-8285079.jpeg', 'large2x': 'https://images.pexels.com/photos/8285079/pexels-photo-8285079.jpeg?auto=compress&cs=tinysrgb&dpr=2&h=650&w=940', 'large': 'https://images.pexels.com/photos/8285079/pexels-photo-8285079.jpeg?auto=compress&cs=tinysrgb&h=650&w=940', 'medium': 'https://images.pexels.com/photos/8285079/pexels-photo-8285079.jpeg?auto=compress&cs=tinysrgb&h=350', 'small': 'https://images.pexels.com/photos/8285079/pexels-photo-8285079.jpeg?auto=compress&cs=tinysrgb&h=130', 'portrait': 'https://images.pexels.com/photos/8285079/pexels-photo-8285079.jpeg?auto=compress&cs=tinysrgb&fit=crop&h=1200&w=800', 'landscape': 'https://images.pexels.com/photos/8285079/pexels-photo-8285079.jpeg?auto=compress&cs=tinysrgb&fit=crop&h=627&w=1200', 'tiny': 'https://images.pexels.com/photos/8285079/pexels-photo-8285079.jpeg?auto=compress&cs=tinysrgb&dpr=1&fit=crop&h=200&w=280'}, 'liked': False, 'alt': 'A Stone Structure with Sign in Front of a Building Entrance'}], 'total_results': 187, 'next_page': 'https://api.pexels.com/v1/search/?orientation=landscape&page=2&per_page=1&query=Dragons&size=large'}
Image downloaded successfully and saved as '8285079'.
image path :/home/rohit/Documents/auto_wallpaper/downloaded_images/8285079.jpg
Wallpaper set successfully.

(process:42622): dconf-WARNING **: 18:00:04.354: failed to commit changes to dconf: Cannot autolaunch D-Bus without X11 $DISPLAY
Folder size (59.06 MB) is within the limit of 100 MB.
call api using options {'orientation': 'landscape', 'size': 'large', 'per_page': '1', 'query': 'Colorful Abstracts'}
API response: {'page': 1, 'per_page': 1, 'photos': [{'id': 3527786, 'width': 6000, 'height': 4000, 'url': 'https://www.pexels.com/photo/photo-of-purple-paint-3527786/', 'photographer': 'Dids', 'photographer_url': 'https://www.pexels.com/@didsss', 'photographer_id': 447505, 'avg_color': '#C6B2D2', 'src': {'original': 'https://images.pexels.com/photos/3527786/pexels-photo-3527786.jpeg', 'large2x': 'https://images.pexels.com/photos/3527786/pexels-photo-3527786.jpeg?auto=compress&cs=tinysrgb&dpr=2&h=650&w=940', 'large': 'https://images.pexels.com/photos/3527786/pexels-photo-3527786.jpeg?auto=compress&cs=tinysrgb&h=650&w=940', 'medium': 'https://images.pexels.com/photos/3527786/pexels-photo-3527786.jpeg?auto=compress&cs=tinysrgb&h=350', 'small': 'https://images.pexels.com/photos/3527786/pexels-photo-3527786.jpeg?auto=compress&cs=tinysrgb&h=130', 'portrait': 'https://images.pexels.com/photos/3527786/pexels-photo-3527786.jpeg?auto=compress&cs=tinysrgb&fit=crop&h=1200&w=800', 'landscape': 'https://images.pexels.com/photos/3527786/pexels-photo-3527786.jpeg?auto=compress&cs=tinysrgb&fit=crop&h=627&w=1200', 'tiny': 'https://images.pexels.com/photos/3527786/pexels-photo-3527786.jpeg?auto=compress&cs=tinysrgb&dpr=1&fit=crop&h=200&w=280'}, 'liked': False, 'alt': 'Photo of Purple Paint'}], 'total_results': 8000, 'next_page': 'https://api.pexels.com/v1/search/?orientation=landscape&page=2&per_page=1&query=Colorful+Abstracts&size=large'}
Image downloaded successfully and saved as '3527786'.
image path :/home/rohit/Documents/auto_wallpaper/downloaded_images/3527786.jpg
Wallpaper set successfully.

(process:48008): dconf-WARNING **: 20:00:11.499: failed to commit changes to dconf: Cannot autolaunch D-Bus without X11 $DISPLAY
Folder size (24.73 MB) is within the limit of 100 MB.
call api using options {'orientation': 'landscape', 'size': 'large', 'per_page': '1', 'query': 'Playful Puppies'}
API response: {'page': 1, 'per_page': 1, 'photos': [{'id': 5255255, 'width': 6000, 'height': 4000, 'url': 'https://www.pexels.com/photo/happy-labrador-retriever-lying-on-bed-with-eyeglasses-and-book-5255255/', 'photographer': 'Samson Katt', 'photographer_url': 'https://www.pexels.com/@samson-katt', 'photographer_id': 3441178, 'avg_color': '#BDB1A1', 'src': {'original': 'https://images.pexels.com/photos/5255255/pexels-photo-5255255.jpeg', 'large2x': 'https://images.pexels.com/photos/5255255/pexels-photo-5255255.jpeg?auto=compress&cs=tinysrgb&dpr=2&h=650&w=940', 'large': 'https://images.pexels.com/photos/5255255/pexels-photo-5255255.jpeg?auto=compress&cs=tinysrgb&h=650&w=940', 'medium': 'https://images.pexels.com/photos/5255255/pexels-photo-5255255.jpeg?auto=compress&cs=tinysrgb&h=350', 'small': 'https://images.pexels.com/photos/5255255/pexels-photo-5255255.jpeg?auto=compress&cs=tinysrgb&h=130', 'portrait': 'https://images.pexels.com/photos/5255255/pexels-photo-5255255.jpeg?auto=compress&cs=tinysrgb&fit=crop&h=1200&w=800', 'landscape': 'https://images.pexels.com/photos/5255255/pexels-photo-5255255.jpeg?auto=compress&cs=tinysrgb&fit=crop&h=627&w=1200', 'tiny': 'https://images.pexels.com/photos/5255255/pexels-photo-5255255.jpeg?auto=compress&cs=tinysrgb&dpr=1&fit=crop&h=200&w=280'}, 'liked': False, 'alt': 'Happy Labrador Retriever lying on bed with eyeglasses and book'}], 'total_results': 7800, 'next_page': 'https://api.pexels.com/v1/search/?orientation=landscape&page=2&per_page=1&query=Playful+Puppies&size=large'}
Image downloaded successfully and saved as '5255255'.
image path :/home/rohit/Documents/auto_wallpaper/downloaded_images/5255255.jpg
Wallpaper set successfully.
